\BOOKMARK [0][-]{section*.1}{Preface}{}% 1
\BOOKMARK [0][-]{section*.7}{Contents}{}% 2
\BOOKMARK [0][-]{chapter.1}{Introduction}{}% 3
\BOOKMARK [1][-]{section.1.1}{Solar cells}{chapter.1}% 4
\BOOKMARK [2][-]{subsection.1.1.1}{Single-junction solar cells}{section.1.1}% 5
\BOOKMARK [1][-]{section.1.2}{Solar cell materials}{chapter.1}% 6
\BOOKMARK [2][-]{subsection.1.2.1}{Crystalline silicon solar cells}{section.1.2}% 7
\BOOKMARK [2][-]{subsection.1.2.2}{Gallium arsenide}{section.1.2}% 8
\BOOKMARK [2][-]{subsection.1.2.3}{Thin film materials}{section.1.2}% 9
\BOOKMARK [1][-]{section.1.3}{CuIn1-xGaxSe2\(CIGS\) materials}{chapter.1}% 10
\BOOKMARK [2][-]{subsection.1.3.1}{Crystal structure}{section.1.3}% 11
\BOOKMARK [2][-]{subsection.1.3.2}{Optical properties and defects in the CIGS}{section.1.3}% 12
\BOOKMARK [2][-]{subsection.1.3.3}{CIGS solar cell structure}{section.1.3}% 13
\BOOKMARK [0][-]{chapter.2}{Theory}{}% 14
\BOOKMARK [1][-]{section.2.1}{Electronic structure calculations }{chapter.2}% 15
\BOOKMARK [2][-]{subsection.2.1.1}{The quantum many-body problem}{section.2.1}% 16
\BOOKMARK [2][-]{subsection.2.1.2}{The Born-Oppenheimer approximation}{section.2.1}% 17
\BOOKMARK [2][-]{subsection.2.1.3}{Hartree, Hartree-Fock approximation and density functional theory}{section.2.1}% 18
\BOOKMARK [3][-]{subsubsection.2.1.3.1}{Hartree approximation}{subsection.2.1.3}% 19
\BOOKMARK [3][-]{subsubsection.2.1.3.2}{Hartree-Fock approximation}{subsection.2.1.3}% 20
\BOOKMARK [3][-]{subsubsection.2.1.3.3}{Density functional theory}{subsection.2.1.3}% 21
\BOOKMARK [3][-]{subsubsection.2.1.3.4}{Kohn-Sham equation}{subsection.2.1.3}% 22
\BOOKMARK [3][-]{subsubsection.2.1.3.5}{The exchange-correlation potential}{subsection.2.1.3}% 23
\BOOKMARK [2][-]{subsection.2.1.4}{Solving the secular equation}{section.2.1}% 24
\BOOKMARK [2][-]{subsection.2.1.5}{Eigenvalue problem}{section.2.1}% 25
\BOOKMARK [1][-]{section.2.2}{Full-potential linearized augmented plane wave method}{chapter.2}% 26
\BOOKMARK [2][-]{subsection.2.2.1}{Introduction}{section.2.2}% 27
\BOOKMARK [2][-]{subsection.2.2.2}{Wavefunction}{section.2.2}% 28
\BOOKMARK [3][-]{subsubsection.2.2.2.1}{Augmented plane wave method}{subsection.2.2.2}% 29
\BOOKMARK [3][-]{subsubsection.2.2.2.2}{Linearized augmented plane wave method}{subsection.2.2.2}% 30
\BOOKMARK [3][-]{subsubsection.2.2.2.3}{Linearized augmented plane wave method plus local orbitals}{subsection.2.2.2}% 31
\BOOKMARK [3][-]{subsubsection.2.2.2.4}{Augmented plane wave method plus local orbitals}{subsection.2.2.2}% 32
\BOOKMARK [2][-]{subsection.2.2.3}{Effective potential}{section.2.2}% 33
\BOOKMARK [1][-]{section.2.3}{Dielectric function}{chapter.2}% 34
\BOOKMARK [1][-]{section.2.4}{k \040p method}{chapter.2}% 35
\BOOKMARK [1][-]{section.2.5}{Spin-orbit coupling}{chapter.2}% 36
\BOOKMARK [2][-]{subsection.2.5.1}{Dirac equation}{section.2.5}% 37
\BOOKMARK [2][-]{subsection.2.5.2}{Derivation of spin-orbit coupling}{section.2.5}% 38
\BOOKMARK [0][-]{chapter.3}{Results and discussion}{}% 39
\BOOKMARK [1][-]{section.3.1}{Parameterization of energy bands for CIGS}{chapter.3}% 40
\BOOKMARK [2][-]{subsection.3.1.1}{Parameterization method}{section.3.1}% 41
\BOOKMARK [2][-]{subsection.3.1.2}{Non-parabolicity properties}{section.3.1}% 42
\BOOKMARK [2][-]{subsection.3.1.3}{Application of the full band parameterization}{section.3.1}% 43
\BOOKMARK [1][-]{section.3.2}{Calculations of dielectric function for CIGS}{chapter.3}% 44
\BOOKMARK [0][-]{chapter.4}{Summary of the publications}{}% 45
\BOOKMARK [0][-]{chapter.5}{Concluding remarks and future work}{}% 46
\BOOKMARK [0][-]{chapter*.38}{Acknowledgements}{}% 47
\BOOKMARK [0][-]{chapter.6}{Appendices}{}% 48
\BOOKMARK [0][-]{section*.40}{Bibliography}{}% 49
